<?xml version="1.0" encoding="UTF-8"?>
<testsuite xmlns:xsi="http://www.w3.org/2001/XMLSchema-instance" xsi:noNamespaceSchemaLocation="https://maven.apache.org/surefire/maven-surefire-plugin/xsd/surefire-test-report.xsd" version="3.0.2" name="io.cucumber.junit.platform.engine.CucumberTestEngine" time="18.891" tests="7" errors="0" skipped="0" failures="0">
  <properties>
[...]
</properties>
  <testcase name="Registro de usuarios - Creación de nuevo usuario" classname="Registro de usuarios" time="14.344">
    <system-out><![CDATA[Before all

@UI @regression @smoke @API
Scenario: Creación de nuevo usuario                                                                                                &amp#27;[90m# src/test/resources/features/1_ui/1_RegisterCustomer.feature:8&amp#27;[0m
  &amp#27;[32mGiven &amp#27;[0m&amp#27;[32mEl usuario se encuentra en la pagina de registro de usuario&amp#27;[0m                                                                &amp#27;[90m# steps.ui.LoginStepDefinition.El_usuario_se_encuentra_en_la_pagina_de_registro_de_usuario()&amp#27;[0m
  &amp#27;[32mWhen &amp#27;[0m&amp#27;[32mEl formulario de creación de usuario debe ser visible&amp#27;[0m                                                                       &amp#27;[90m# steps.ui.LoginStepDefinition.El_formulario_de_creaci_n_de_usuario_debe_ser_visible()&amp#27;[0m
  &amp#27;[32mAnd &amp#27;[0m&amp#27;[32mSe ingresan los datos de usuario tipo &amp#27;[0m&amp#27;[32m&amp#27;[1m"VALIDO"&amp#27;[0m                                                                               &amp#27;[90m# steps.ui.LoginStepDefinition.Se_ingresan_los_datos_de_usuario_tipo(java.lang.String)&amp#27;[0m
  &amp#27;[32mAnd &amp#27;[0m&amp#27;[32mEl usuario hace click en el boton register&amp#27;[0m                                                                                   &amp#27;[90m# steps.ui.LoginStepDefinition.El_usuario_hace_click_en_el_boton_register()&amp#27;[0m
Elemento By.id: customer.username.errors no se encuentra visible.

    📌 La cantidad de intentos fueron: 1


    📌 Usuario creado : jeramysteuber con password: xgg7y0

  &amp#27;[32mAnd &amp#27;[0m&amp#27;[32mSe verifica que el nombre de usuario sea válido; en caso contrario, se intenta con uno nuevo&amp#27;[0m                                 &amp#27;[90m# steps.ui.LoginStepDefinition.Se_verifica_que_el_nombre_de_usuario_sea_v_lido_en_caso_contrario_se_intenta_con_uno_nuevo()&amp#27;[0m

    Embedding ScreenShot [image/png 205481 bytes]

  &amp#27;[32mThen &amp#27;[0m&amp#27;[32mSe verifica que el usuario visualice en pantalla el mensaje &amp#27;[0m&amp#27;[32m&amp#27;[1m"Your account was created successfully. You are now logged in."&amp#27;[0m &amp#27;[90m# steps.ui.LoginStepDefinition.El_usuario_visualiza_en_pantalla_el_mensaje(java.lang.String)&amp#27;[0m

    📌 ✅ Scenario finished: PASSED


    📌 ✅ Scenario finished: PASSED

]]></system-out>
    <system-err><![CDATA[abr 10, 2025 11:31:33 A. M. io.cucumber.junit.platform.engine.DiscoverySelectorResolver warnWhenCucumberFeaturesPropertyIsUsed
WARNING: Discovering tests using the cucumber.features property. Other discovery selectors are ignored!

This is a work around for the limited JUnit 5 support in Maven and Gradle. Please request/upvote/sponsor/ect better support for JUnit 5 discovery selectors. For details see: https://github.com/cucumber/cucumber-jvm/pull/2498

If you are using the JUnit 5 Suite Engine, Platform Launcher API or Console Launcher you should not use this property. Please consult the JUnit 5 documentation on test selection.
[main] INFO io.github.bonigarcia.wdm.WebDriverManager - Reading https://raw.githubusercontent.com/bonigarcia/webdrivermanager/master/docs/mirror/geckodriver to seek geckodriver
[main] INFO io.github.bonigarcia.wdm.WebDriverManager - Exporting webdriver.gecko.driver as C:\Users\diego\.cache\selenium\geckodriver\win64\0.36.0\geckodriver.exe
]]></system-err>
  </testcase>
  <testcase name="Customer API - consulta el detalle de un cliente por userName y password" classname="Customer API" time="1.235">
    <system-out><![CDATA[
@API @regression @API
Scenario: consulta el detalle de un cliente por userName y password &amp#27;[90m# src/test/resources/features/2_api/1_Customer.feature:5&amp#27;[0m
(GET) 	 https://parabank.parasoft.com/parabank/services/bank/login/jeramysteuber/xgg7y0
Status Code: 200 	 Response Time: 762ms

    📌 
    =============================================
    Request
    =============================================
    GET 	 https://parabank.parasoft.com/parabank/services/bank/login/jeramysteuber/xgg7y0
    Request Headers:
    [Accept=*/*, Content-Type=application/json]
    Request Body:
    null

  &amp#27;[32mWhen &amp#27;[0m&amp#27;[32mSe llama el request de customer con usuario &amp#27;[0m&amp#27;[32m&amp#27;[1m"Correcto"&amp#27;[0m       &amp#27;[90m# steps.api.CustomerStepsDefinitions.Se_llama_el_request_de_customer_con_usuario(java.lang.String)&amp#27;[0m

    📌 
    =============================================
    Response
    =============================================
    Status Code: 200
    Response Headers:
    	Date: Thu, 10 Apr 2025 16:31:47 GMT
    	Content-Type: application/xml
    	Transfer-Encoding: chunked
    	Connection: keep-alive
    	cf-cache-status: DYNAMIC
    	X-Content-Type-Options: nosniff
    	Server: cloudflare
    	CF-RAY: 92e3a2ee4ef3a68f-MIA
    	Content-Encoding: gzip
    
    Response Body:
    <customer>
      <id>12767</id>
      <firstName>Laura</firstName>
      <lastName>Beier</lastName>
      <address>
        <street>44107 Bernard Pass, Lake Rupert, IL 77537</street>
        <city>Port Vanessa</city>
        <state>South Carolina</state>
        <zipCode>253879</zipCode>
      </address>
      <phoneNumber>197.383.2217 x36770</phoneNumber>
      <ssn>197-56-4749</ssn>
    </customer>

  &amp#27;[32mThen &amp#27;[0m&amp#27;[32mSe verifica el status code &amp#27;[0m&amp#27;[32m&amp#27;[1m200&amp#27;[0m                               &amp#27;[90m# steps.api.CommonStepDefinitionsApi.verifyStatusCode(java.lang.Integer)&amp#27;[0m
  &amp#27;[32mAnd &amp#27;[0m&amp#27;[32mSe verifica el name y lastName del usuario&amp#27;[0m                    &amp#27;[90m# steps.api.CustomerStepsDefinitions.verifyNameLastname()&amp#27;[0m
  &amp#27;[32mAnd &amp#27;[0m&amp#27;[32mSe captura el id del usuario&amp#27;[0m                                  &amp#27;[90m# steps.api.CustomerStepsDefinitions.setIdUser()&amp#27;[0m

    📌 ✅ Scenario finished: PASSED

]]></system-out>
  </testcase>
  <testcase name="Customer API - consulta el detalle de un cliente por userName y password incorrecto" classname="Customer API" time="0.668">
    <system-out><![CDATA[
@API @regression @API
Scenario: consulta el detalle de un cliente por userName y password incorrecto &amp#27;[90m# src/test/resources/features/2_api/1_Customer.feature:12&amp#27;[0m
(GET) 	 https://parabank.parasoft.com/parabank/services/bank/login/tiffanie.kutch/0aejndg35n
Status Code: 400 	 Response Time: 581ms

    📌 
    =============================================
    Request
    =============================================
    GET 	 https://parabank.parasoft.com/parabank/services/bank/login/tiffanie.kutch/0aejndg35n
    Request Headers:
    [Accept=*/*, Content-Type=application/json]
    Request Body:
    null

  &amp#27;[32mWhen &amp#27;[0m&amp#27;[32mSe llama el request de customer con usuario &amp#27;[0m&amp#27;[32m&amp#27;[1m"Incorrecto"&amp#27;[0m                &amp#27;[90m# steps.api.CustomerStepsDefinitions.Se_llama_el_request_de_customer_con_usuario(java.lang.String)&amp#27;[0m

    📌 
    =============================================
    Response
    =============================================
    Status Code: 400
    Response Headers:
    	Date: Thu, 10 Apr 2025 16:31:47 GMT
    	Content-Type: text/plain;charset=UTF-8
    	Content-Length: 32
    	Connection: keep-alive
    	cf-cache-status: DYNAMIC
    	X-Content-Type-Options: nosniff
    	Server: cloudflare
    	CF-RAY: 92e3a2f39c5bdb09-MIA
    
    Response Body:
    Invalid username and/or password

  &amp#27;[32mThen &amp#27;[0m&amp#27;[32mSe verifica el status code &amp#27;[0m&amp#27;[32m&amp#27;[1m400&amp#27;[0m                                          &amp#27;[90m# steps.api.CommonStepDefinitionsApi.verifyStatusCode(java.lang.Integer)&amp#27;[0m

    📌 ✅ Scenario finished: PASSED

]]></system-out>
  </testcase>
  <testcase name="Customer API - consulta de detalle de customer por id" classname="Customer API" time="0.546">
    <system-out><![CDATA[
@API @regression @API
Scenario: consulta de detalle de customer por id &amp#27;[90m# src/test/resources/features/2_api/1_Customer.feature:17&amp#27;[0m

    📌 Id del usuario: 12767

  &amp#27;[32mGiven &amp#27;[0m&amp#27;[32mSe obtiene el id del usuario&amp#27;[0m             &amp#27;[90m# steps.api.CustomerStepsDefinitions.getUserId()&amp#27;[0m
(GET) 	 https://parabank.parasoft.com/parabank/services/bank/customers/12767
Status Code: 200 	 Response Time: 525ms

    📌 
    =============================================
    Request
    =============================================
    GET 	 https://parabank.parasoft.com/parabank/services/bank/customers/12767
    Request Headers:
    [Accept=*/*, Content-Type=application/json]
    Request Body:
    null

  &amp#27;[32mWhen &amp#27;[0m&amp#27;[32mSe llama el request de customer por id&amp#27;[0m    &amp#27;[90m# steps.api.CustomerStepsDefinitions.getCustomerById()&amp#27;[0m

    📌 
    =============================================
    Response
    =============================================
    Status Code: 200
    Response Headers:
    	Date: Thu, 10 Apr 2025 16:31:48 GMT
    	Content-Type: application/xml
    	Transfer-Encoding: chunked
    	Connection: keep-alive
    	cf-cache-status: DYNAMIC
    	X-Content-Type-Options: nosniff
    	Server: cloudflare
    	CF-RAY: 92e3a2f6f860875a-MIA
    	Content-Encoding: gzip
    
    Response Body:
    <customer>
      <id>12767</id>
      <firstName>Laura</firstName>
      <lastName>Beier</lastName>
      <address>
        <street>44107 Bernard Pass, Lake Rupert, IL 77537</street>
        <city>Port Vanessa</city>
        <state>South Carolina</state>
        <zipCode>253879</zipCode>
      </address>
      <phoneNumber>197.383.2217 x36770</phoneNumber>
      <ssn>197-56-4749</ssn>
    </customer>

  &amp#27;[32mThen &amp#27;[0m&amp#27;[32mSe verifica el status code &amp#27;[0m&amp#27;[32m&amp#27;[1m200&amp#27;[0m            &amp#27;[90m# steps.api.CommonStepDefinitionsApi.verifyStatusCode(java.lang.Integer)&amp#27;[0m
  &amp#27;[32mAnd &amp#27;[0m&amp#27;[32mSe verifica el name y lastName del usuario&amp#27;[0m &amp#27;[90m# steps.api.CustomerStepsDefinitions.verifyNameLastname()&amp#27;[0m
  &amp#27;[32mAnd &amp#27;[0m&amp#27;[32mSe captura el id del usuario&amp#27;[0m               &amp#27;[90m# steps.api.CustomerStepsDefinitions.setIdUser()&amp#27;[0m

    📌 ✅ Scenario finished: PASSED

]]></system-out>
  </testcase>
  <testcase name="Accounts API - Get Account Details" classname="Accounts API" time="0.747">
    <system-out><![CDATA[
@API @regression @API
Scenario: Get Account Details                                                   &amp#27;[90m# src/test/resources/features/2_api/2_Accounts.feature:5&amp#27;[0m
(GET) 	 https://parabank.parasoft.com/parabank/services/bank/customers/12767/accounts
Status Code: 200 	 Response Time: 503ms

    📌 
    =============================================
    Request
    =============================================
    GET 	 https://parabank.parasoft.com/parabank/services/bank/customers/12767/accounts
    Request Headers:
    [Accept=*/*, Content-Type=application/json]
    Request Body:
    null

  &amp#27;[32mWhen &amp#27;[0m&amp#27;[32mSe llama al request de cuentas del usuario, obteniendo el id del usuario&amp#27;[0m &amp#27;[90m# steps.api.AccountsStepDefinitionApi.getAccountsByUserId()&amp#27;[0m

    📌 
    =============================================
    Response
    =============================================
    Status Code: 200
    Response Headers:
    	Date: Thu, 10 Apr 2025 16:31:49 GMT
    	Content-Type: application/xml
    	Transfer-Encoding: chunked
    	Connection: keep-alive
    	cf-cache-status: DYNAMIC
    	X-Content-Type-Options: nosniff
    	Server: cloudflare
    	CF-RAY: 92e3a2fa4c71a563-MIA
    	Content-Encoding: gzip
    
    Response Body:
    <accounts>
      <account>
        <id>13899</id>
        <customerId>12767</customerId>
        <type>CHECKING</type>
        <balance>5000.00</balance>
      </account>
    </accounts>

  &amp#27;[32mThen &amp#27;[0m&amp#27;[32mSe verifica el status code &amp#27;[0m&amp#27;[32m&amp#27;[1m200&amp#27;[0m                                           &amp#27;[90m# steps.api.CommonStepDefinitionsApi.verifyStatusCode(java.lang.Integer)&amp#27;[0m
  &amp#27;[32mAnd &amp#27;[0m&amp#27;[32mSe verifica que el id del response sea el del usuario&amp#27;[0m                     &amp#27;[90m# steps.api.AccountsStepDefinitionApi.Se_verifica_que_el_id_del_response_sea_el_del_usuario()&amp#27;[0m

    📌 Las cuentas almacenadas son: ListAccounts[account=[Account[customerId=12767, accountNumber=13899, balance=5000.0, availableAmount=0.0, typeAccount=CHECKING]]]

  &amp#27;[32mAnd &amp#27;[0m&amp#27;[32mSe almancenan las cuentas del usuario&amp#27;[0m                                     &amp#27;[90m# steps.api.AccountsStepDefinitionApi.Se_almancenan_las_cuentas_del_usuario()&amp#27;[0m

    📌 ✅ Scenario finished: PASSED

]]></system-out>
  </testcase>
  <testcase name="Accounts API - Get transactoins by account" classname="Accounts API" time="0.522">
    <system-out><![CDATA[
@API @regression @API
Scenario: Get transactoins by account                   &amp#27;[90m# src/test/resources/features/2_api/2_Accounts.feature:12&amp#27;[0m
  &amp#27;[32mGiven &amp#27;[0m&amp#27;[32mSe obtiene el núemero de cuenta del usuario&amp#27;[0m     &amp#27;[90m# steps.api.AccountsStepDefinitionApi.Se_obtiene_el_n_emero_de_cuenta_del_usuario()&amp#27;[0m
(GET) 	 https://parabank.parasoft.com/parabank/services/bank/accounts/13899/transactions
Status Code: 200 	 Response Time: 508ms

    📌 
    =============================================
    Request
    =============================================
    GET 	 https://parabank.parasoft.com/parabank/services/bank/accounts/13899/transactions
    Request Headers:
    [Accept=*/*, Content-Type=application/json]
    Request Body:
    null

  &amp#27;[32mWhen &amp#27;[0m&amp#27;[32mSe llama al request de consulta de transacciones&amp#27;[0m &amp#27;[90m# steps.api.AccountsStepDefinitionApi.Se_llama_al_request_de_consulta_de_transacciones()&amp#27;[0m

    📌 
    =============================================
    Response
    =============================================
    Status Code: 200
    Response Headers:
    	Date: Thu, 10 Apr 2025 16:31:49 GMT
    	Content-Type: application/xml
    	Transfer-Encoding: chunked
    	Connection: keep-alive
    	cf-cache-status: DYNAMIC
    	X-Content-Type-Options: nosniff
    	Server: cloudflare
    	CF-RAY: 92e3a2ff0d1f2583-MIA
    	Content-Encoding: gzip
    
    Response Body:
    <transactions/>

  &amp#27;[32mThen &amp#27;[0m&amp#27;[32mSe verifica el status code &amp#27;[0m&amp#27;[32m&amp#27;[1m200&amp#27;[0m                   &amp#27;[90m# steps.api.CommonStepDefinitionsApi.verifyStatusCode(java.lang.Integer)&amp#27;[0m

    📌 ✅ Scenario finished: PASSED

]]></system-out>
  </testcase>
  <testcase name="Accounts API - Create new account" classname="Accounts API" time="0.543">
    <system-out><![CDATA[
@API @regression @API
Scenario: Create new account                                              &amp#27;[90m# src/test/resources/features/2_api/2_Accounts.feature:18&amp#27;[0m
  &amp#27;[32mGiven &amp#27;[0m&amp#27;[32mSe obtiene el número de cuenta con fondos&amp#27;[0m                         &amp#27;[90m# steps.api.AccountsStepDefinitionApi.getNumberAccountWithFunds()&amp#27;[0m
(POST) 	 https://parabank.parasoft.com/parabank/services/bank/createAccount?newAccountType=2&customerId=12767&fromAccountId=13899
Status Code: 200 	 Response Time: 508ms

    📌 
    =============================================
    Request
    =============================================
    POST 	 https://parabank.parasoft.com/parabank/services/bank/createAccount?newAccountType=2&customerId=12767&fromAccountId=13899
    Request Headers:
    [Accept=*/*, Content-Type=application/json]
    Request Body:
    null

  &amp#27;[32mWhen &amp#27;[0m&amp#27;[32mSe llama al request de creción de cuenta con tipo de cuenta &amp#27;[0m&amp#27;[32m&amp#27;[1m"LOAN"&amp#27;[0m &amp#27;[90m# steps.api.AccountsStepDefinitionApi.Se_llama_al_request_de_creci_n_de_cuenta_con_tipo_de_cuenta(java.lang.String)&amp#27;[0m

    📌 
    =============================================
    Response
    =============================================
    Status Code: 200
    Response Headers:
    	Date: Thu, 10 Apr 2025 16:31:50 GMT
    	Content-Type: application/xml
    	Transfer-Encoding: chunked
    	Connection: keep-alive
    	cf-cache-status: DYNAMIC
    	X-Content-Type-Options: nosniff
    	Server: cloudflare
    	CF-RAY: 92e3a3024fd87465-MIA
    	Content-Encoding: gzip
    
    Response Body:
    <account>
      <id>14232</id>
      <customerId>12767</customerId>
      <type>LOAN</type>
      <balance>0</balance>
    </account>

  &amp#27;[32mThen &amp#27;[0m&amp#27;[32mSe verifica el status code &amp#27;[0m&amp#27;[32m&amp#27;[1m200&amp#27;[0m                                     &amp#27;[90m# steps.api.CommonStepDefinitionsApi.verifyStatusCode(java.lang.Integer)&amp#27;[0m
  &amp#27;[32mAnd &amp#27;[0m&amp#27;[32mSe verifica el tipo de cuenta creada&amp#27;[0m                                &amp#27;[90m# steps.api.AccountsStepDefinitionApi.Se_verifica_el_tipo_de_cuenta_creada()&amp#27;[0m

    📌 ✅ Scenario finished: PASSED

]]></system-out>
  </testcase>
</testsuite>