<?xml version="1.0" encoding="UTF-8"?>
<testsuite xmlns:xsi="http://www.w3.org/2001/XMLSchema-instance" xsi:noNamespaceSchemaLocation="https://maven.apache.org/surefire/maven-surefire-plugin/xsd/surefire-test-report.xsd" version="3.0.2" name="io.cucumber.junit.platform.engine.CucumberTestEngine" time="47.881" tests="2" errors="2" skipped="0" failures="0">
  <properties>
[...]
</properties>
  <testcase name="Transfer founds - Transferencia exitosa de fondos a una cuenta propia" classname="Transfer founds" time="35.274">
    <error message="El localizador By.id: fromAccountId no se encuentra visible" type="java.lang.RuntimeException"><![CDATA[java.lang.RuntimeException: El localizador By.id: fromAccountId no se encuentra visible
	at pages.BasePage.selectionDropdownItem(BasePage.java:168)
	at pages.TransferFoundsPage.selectFromAccount(TransferFoundsPage.java:55)
	at steps.ui.TransferFoundsStepDefinitions.El_usuario_selecciona_la_cuenta_origen(TransferFoundsStepDefinitions.java:42)
	at ✽.El usuario selecciona la cuenta origen(file:///C:/Users/diego/Documents/1.%20Automation/projectbanktest/src/test/resources/features/1_ui/3_TransferFounds.feature:16)
]]></error>
    <system-out><![CDATA[Before all

@UI @OPEN
Scenario: Transferencia exitosa de fondos a una cuenta propia                             &amp#27;[90m# src/test/resources/features/1_ui/3_TransferFounds.feature:12&amp#27;[0m
  &amp#27;[32mGiven &amp#27;[0m&amp#27;[32mEl usuario se encuentra en la pagina de login&amp#27;[0m                                     &amp#27;[90m# steps.ui.OppenAccountStepsDefinition.El_usuario_se_encuentra_en_la_pagina_de_login()&amp#27;[0m
ElementoBy.name: usernameno disponible. Error: java.lang.IllegalArgumentException: Keys to send should be a not null CharSequence
ElementoBy.name: passwordno disponible. Error: java.lang.IllegalArgumentException: Keys to send should be a not null CharSequence
  &amp#27;[32mAnd &amp#27;[0m&amp#27;[32mEl usuario ingresa al sistema con usuario y contraseña&amp#27;[0m                              &amp#27;[90m# steps.ui.OppenAccountStepsDefinition.El_usuario_ingresa_al_sistema_con_usuario_y_contrase_a()&amp#27;[0m
  &amp#27;[32mWhen &amp#27;[0m&amp#27;[32mSe hace clic en el boton Login&amp#27;[0m                                                     &amp#27;[90m# steps.ui.OppenAccountStepsDefinition.Se_hace_clic_en_el_boton_Login()&amp#27;[0m
Elemento By.id: showOverview no se encuentra visible.
  &amp#27;[32mThen &amp#27;[0m&amp#27;[32mSe verifica si el login fue exitoso&amp#27;[0m                                                &amp#27;[90m# steps.ui.OppenAccountStepsDefinition.Se_verifica_si_el_login_fue_exitoso_de_lo_contrario_se_crea_un_nuevo_usuario()&amp#27;[0m
Elemento By.id: showOverview no se encuentra visible.
Elemento By.id: customer.username.errors no se encuentra visible.

    📌 Usuario: sammiewilkinson, password: acaqhv4

  &amp#27;[32mAnd &amp#27;[0m&amp#27;[32mDe lo contrario, se crea un nuevo usuario &amp#27;[0m&amp#27;[32m&amp#27;[1m"VALIDO"&amp#27;[0m                                  &amp#27;[90m# steps.ui.OppenAccountStepsDefinition.De_lo_contrario_se_crea_un_nuevo_usuario(java.lang.String)&amp#27;[0m
Elemento By.xpath: //h1[@class="title" and contains(text(),'Complete')] no se encuentra visible.

    📌 La tabla de cuenta esta visible? : false


    📌 [Accounts[accountNumber=24888, balance=515.5, availableAmount=515.5, typeAccount=null]]

  &amp#27;[32mAnd &amp#27;[0m&amp#27;[32mSe obtienen las cuentas del usuario&amp#27;[0m                                                 &amp#27;[90m# steps.ui.TransferFoundsStepDefinitions.Se_obtienen_las_cuentas_del_usuario()&amp#27;[0m
  &amp#27;[32mWhen &amp#27;[0m&amp#27;[32mEl usuario hace clic en el boton Transfer founds&amp#27;[0m                                   &amp#27;[90m# steps.ui.TransferFoundsStepDefinitions.El_usuario_hace_clic_en_el_boton_Transfer_founds()&amp#27;[0m

    Embedding ScreenShot [image/png 206838 bytes]

  &amp#27;[32mAnd &amp#27;[0m&amp#27;[32mSe verifica que el se visualice en pantalla el formlario de transferencia de fondos&amp#27;[0m &amp#27;[90m# steps.ui.TransferFoundsStepDefinitions.Se_verifica_que_el_se_visualice_en_pantalla_el_formlario_de_transferencia_de_fondos()&amp#27;[0m
  &amp#27;[32mAnd &amp#27;[0m&amp#27;[32mEl usuario ingresa la cantidad a transferir &amp#27;[0m&amp#27;[32m&amp#27;[1m"100"&amp#27;[0m                                   &amp#27;[90m# steps.ui.TransferFoundsStepDefinitions.El_usuario_ingresa_la_cantidad_a_transferir(java.lang.String)&amp#27;[0m

    📌 
    fromAccountId
    toAccountId

  &amp#27;[31mAnd &amp#27;[0m&amp#27;[31mEl usuario selecciona la cuenta origen&amp#27;[0m                                              &amp#27;[90m# steps.ui.TransferFoundsStepDefinitions.El_usuario_selecciona_la_cuenta_origen()&amp#27;[0m
      &amp#27;[31mjava.lang.RuntimeException: El localizador By.id: fromAccountId no se encuentra visible
      	at pages.BasePage.selectionDropdownItem(BasePage.java:168)
      	at pages.TransferFoundsPage.selectFromAccount(TransferFoundsPage.java:55)
      	at steps.ui.TransferFoundsStepDefinitions.El_usuario_selecciona_la_cuenta_origen(TransferFoundsStepDefinitions.java:42)
      	at ✽.El usuario selecciona la cuenta origen(file:///C:/Users/diego/Documents/1.%20Automation/projectbanktest/src/test/resources/features/1_ui/3_TransferFounds.feature:16)&amp#27;[0m
  &amp#27;[36mAnd &amp#27;[0m&amp#27;[36mEl usuario selecciona la cuenta destino&amp#27;[0m                                             &amp#27;[90m# steps.ui.TransferFoundsStepDefinitions.El_usuario_selecciona_la_cuenta_destino()&amp#27;[0m
  &amp#27;[36mAnd &amp#27;[0m&amp#27;[36mEl usuario hace clic en el boton Transfer&amp#27;[0m                                           &amp#27;[90m# steps.ui.TransferFoundsStepDefinitions.El_usuario_hace_clic_en_el_boton_Transfer()&amp#27;[0m
  &amp#27;[36mThen &amp#27;[0m&amp#27;[36mSe visualiza en pantalla el mensaje Transfer Complete!&amp#27;[0m                             &amp#27;[90m# steps.ui.TransferFoundsStepDefinitions.Se_visualiza_en_pantalla_el_mensaje_Transfer_Complete()&amp#27;[0m

    Embedding ScreenShot [image/png 207351 bytes]


    📌 ✅ Scenario finished: FAILED

]]></system-out>
    <system-err><![CDATA[mar 19, 2025 11:57:20 A. M. io.cucumber.junit.platform.engine.DiscoverySelectorResolver warnWhenCucumberFeaturesPropertyIsUsed
WARNING: Discovering tests using the cucumber.features property. Other discovery selectors are ignored!

This is a work around for the limited JUnit 5 support in Maven and Gradle. Please request/upvote/sponsor/ect better support for JUnit 5 discovery selectors. For details see: https://github.com/cucumber/cucumber-jvm/pull/2498

If you are using the JUnit 5 Suite Engine, Platform Launcher API or Console Launcher you should not use this property. Please consult the JUnit 5 documentation on test selection.
[main] INFO io.github.bonigarcia.wdm.WebDriverManager - Reading https://raw.githubusercontent.com/bonigarcia/webdrivermanager/master/docs/mirror/geckodriver to seek geckodriver
[main] INFO io.github.bonigarcia.wdm.WebDriverManager - Exporting webdriver.gecko.driver as C:\Users\diego\.cache\selenium\geckodriver\win64\0.36.0\geckodriver.exe
]]></system-err>
  </testcase>
  <testcase name="Transfer founds - Transfrencia fallida de fondos a una cuenta propia" classname="Transfer founds" time="12.334">
    <error message="El localizador By.id: fromAccountId no se encuentra visible" type="java.lang.RuntimeException"><![CDATA[java.lang.RuntimeException: El localizador By.id: fromAccountId no se encuentra visible
	at pages.BasePage.selectionDropdownItem(BasePage.java:168)
	at pages.TransferFoundsPage.selectFromAccount(TransferFoundsPage.java:55)
	at steps.ui.TransferFoundsStepDefinitions.El_usuario_selecciona_la_cuenta_origen(TransferFoundsStepDefinitions.java:42)
	at ✽.El usuario selecciona la cuenta origen(file:///C:/Users/diego/Documents/1.%20Automation/projectbanktest/src/test/resources/features/1_ui/3_TransferFounds.feature:26)
]]></error>
    <system-out><![CDATA[
@UI @OPEN
Scenario: Transfrencia fallida de fondos a una cuenta propia                              &amp#27;[90m# src/test/resources/features/1_ui/3_TransferFounds.feature:22&amp#27;[0m
  &amp#27;[32mGiven &amp#27;[0m&amp#27;[32mEl usuario se encuentra en la pagina de login&amp#27;[0m                                     &amp#27;[90m# steps.ui.OppenAccountStepsDefinition.El_usuario_se_encuentra_en_la_pagina_de_login()&amp#27;[0m
  &amp#27;[32mAnd &amp#27;[0m&amp#27;[32mEl usuario ingresa al sistema con usuario y contraseña&amp#27;[0m                              &amp#27;[90m# steps.ui.OppenAccountStepsDefinition.El_usuario_ingresa_al_sistema_con_usuario_y_contrase_a()&amp#27;[0m
  &amp#27;[32mWhen &amp#27;[0m&amp#27;[32mSe hace clic en el boton Login&amp#27;[0m                                                     &amp#27;[90m# steps.ui.OppenAccountStepsDefinition.Se_hace_clic_en_el_boton_Login()&amp#27;[0m
  &amp#27;[32mThen &amp#27;[0m&amp#27;[32mSe verifica si el login fue exitoso&amp#27;[0m                                                &amp#27;[90m# steps.ui.OppenAccountStepsDefinition.Se_verifica_si_el_login_fue_exitoso_de_lo_contrario_se_crea_un_nuevo_usuario()&amp#27;[0m
  &amp#27;[32mAnd &amp#27;[0m&amp#27;[32mDe lo contrario, se crea un nuevo usuario &amp#27;[0m&amp#27;[32m&amp#27;[1m"VALIDO"&amp#27;[0m                                  &amp#27;[90m# steps.ui.OppenAccountStepsDefinition.De_lo_contrario_se_crea_un_nuevo_usuario(java.lang.String)&amp#27;[0m
Elemento By.xpath: //h1[@class="title" and contains(text(),'Complete')] no se encuentra visible.

    📌 La tabla de cuenta esta visible? : false


    📌 [Accounts[accountNumber=24888, balance=515.5, availableAmount=515.5, typeAccount=null], Accounts[accountNumber=24888, balance=515.5, availableAmount=515.5, typeAccount=null]]

  &amp#27;[32mAnd &amp#27;[0m&amp#27;[32mSe obtienen las cuentas del usuario&amp#27;[0m                                                 &amp#27;[90m# steps.ui.TransferFoundsStepDefinitions.Se_obtienen_las_cuentas_del_usuario()&amp#27;[0m
  &amp#27;[32mWhen &amp#27;[0m&amp#27;[32mEl usuario hace clic en el boton Transfer founds&amp#27;[0m                                   &amp#27;[90m# steps.ui.TransferFoundsStepDefinitions.El_usuario_hace_clic_en_el_boton_Transfer_founds()&amp#27;[0m

    Embedding ScreenShot [image/png 206838 bytes]

  &amp#27;[32mAnd &amp#27;[0m&amp#27;[32mSe verifica que el se visualice en pantalla el formlario de transferencia de fondos&amp#27;[0m &amp#27;[90m# steps.ui.TransferFoundsStepDefinitions.Se_verifica_que_el_se_visualice_en_pantalla_el_formlario_de_transferencia_de_fondos()&amp#27;[0m
  &amp#27;[32mAnd &amp#27;[0m&amp#27;[32mEl usuario ingresa la cantidad a transferir &amp#27;[0m&amp#27;[32m&amp#27;[1m"500000"&amp#27;[0m                                &amp#27;[90m# steps.ui.TransferFoundsStepDefinitions.El_usuario_ingresa_la_cantidad_a_transferir(java.lang.String)&amp#27;[0m

    📌 
    fromAccountId
    toAccountId

  &amp#27;[31mAnd &amp#27;[0m&amp#27;[31mEl usuario selecciona la cuenta origen&amp#27;[0m                                              &amp#27;[90m# steps.ui.TransferFoundsStepDefinitions.El_usuario_selecciona_la_cuenta_origen()&amp#27;[0m
      &amp#27;[31mjava.lang.RuntimeException: El localizador By.id: fromAccountId no se encuentra visible
      	at pages.BasePage.selectionDropdownItem(BasePage.java:168)
      	at pages.TransferFoundsPage.selectFromAccount(TransferFoundsPage.java:55)
      	at steps.ui.TransferFoundsStepDefinitions.El_usuario_selecciona_la_cuenta_origen(TransferFoundsStepDefinitions.java:42)
      	at ✽.El usuario selecciona la cuenta origen(file:///C:/Users/diego/Documents/1.%20Automation/projectbanktest/src/test/resources/features/1_ui/3_TransferFounds.feature:26)&amp#27;[0m
  &amp#27;[36mAnd &amp#27;[0m&amp#27;[36mSe verifica los fondos de la cuena de origen&amp#27;[0m                                        &amp#27;[90m# steps.ui.TransferFoundsStepDefinitions.Se_verifica_los_fondos_de_la_cuena_de_origen()&amp#27;[0m
  &amp#27;[36mAnd &amp#27;[0m&amp#27;[36mEl usuario selecciona la cuenta destino&amp#27;[0m                                             &amp#27;[90m# steps.ui.TransferFoundsStepDefinitions.El_usuario_selecciona_la_cuenta_destino()&amp#27;[0m
  &amp#27;[36mAnd &amp#27;[0m&amp#27;[36mEl usuario hace clic en el boton Transfer&amp#27;[0m                                           &amp#27;[90m# steps.ui.TransferFoundsStepDefinitions.El_usuario_hace_clic_en_el_boton_Transfer()&amp#27;[0m
  &amp#27;[36mThen &amp#27;[0m&amp#27;[36mSe visualiza en pantalla el mensaje Insufficient Funds!&amp#27;[0m                            &amp#27;[90m# steps.ui.TransferFoundsStepDefinitions.Se_visualiza_en_pantalla_el_mensaje_Insufficient_Funds()&amp#27;[0m

    Embedding ScreenShot [image/png 207561 bytes]


    📌 ✅ Scenario finished: FAILED

]]></system-out>
    <system-err><![CDATA[[main] INFO io.github.bonigarcia.wdm.WebDriverManager - Reading https://raw.githubusercontent.com/bonigarcia/webdrivermanager/master/docs/mirror/geckodriver to seek geckodriver
[main] INFO io.github.bonigarcia.wdm.WebDriverManager - Exporting webdriver.gecko.driver as C:\Users\diego\.cache\selenium\geckodriver\win64\0.36.0\geckodriver.exe
]]></system-err>
  </testcase>
</testsuite>